\BOOKMARK [1][-]{section.1}{\376\377\000A\000n\000a\000l\000y\000s\000i\000s}{}% 1
\BOOKMARK [2][-]{subsection.1.1}{\376\377\000B\000a\000c\000k\000g\000r\000o\000u\000n\000d}{section.1}% 2
\BOOKMARK [2][-]{subsection.1.2}{\376\377\000E\000v\000i\000d\000e\000n\000c\000e\000\040\000o\000f\000\040\000A\000n\000a\000l\000y\000s\000i\000s}{section.1}% 3
\BOOKMARK [3][-]{subsubsection.1.2.1}{\376\377\000C\000u\000r\000r\000e\000n\000t\000\040\000s\000y\000s\000t\000e\000m\000s}{subsection.1.2}% 4
\BOOKMARK [3][-]{subsubsection.1.2.2}{\376\377\000S\000i\000m\000i\000l\000a\000r\000\040\000S\000y\000s\000t\000e\000m\000s}{subsection.1.2}% 5
\BOOKMARK [3][-]{subsubsection.1.2.3}{\376\377\000I\000n\000t\000e\000r\000v\000i\000e\000w\000\040\000w\000i\000t\000h\000\040\000t\000h\000i\000r\000d\000\040\000p\000a\000r\000t\000y}{subsection.1.2}% 6
\BOOKMARK [2][-]{subsection.1.3}{\376\377\000M\000o\000d\000e\000l\000l\000i\000n\000g\000\040\000o\000f\000\040\000t\000h\000e\000\040\000p\000r\000o\000b\000l\000e\000m}{section.1}% 7
\BOOKMARK [3][-]{subsubsection.1.3.1}{\376\377\000I\000d\000e\000n\000t\000i\000f\000i\000c\000a\000t\000i\000o\000n\000\040\000o\000f\000\040\000O\000b\000j\000e\000c\000t\000s}{subsection.1.3}% 8
\BOOKMARK [3][-]{subsubsection.1.3.2}{\376\377\000I\000d\000e\000n\000t\000i\000f\000i\000c\000a\000t\000i\000o\000n\000\040\000o\000f\000\040\000a\000l\000g\000o\000r\000i\000t\000h\000m\000s}{subsection.1.3}% 9
\BOOKMARK [3][-]{subsubsection.1.3.3}{\376\377\000M\000a\000t\000h\000e\000m\000a\000t\000i\000c\000a\000l\000\040\000F\000o\000r\000m\000u\000l\000a}{subsection.1.3}% 10
\BOOKMARK [2][-]{subsection.1.4}{\376\377\000S\000e\000t\000\040\000o\000f\000\040\000o\000b\000j\000e\000c\000t\000i\000v\000e\000s}{section.1}% 11
\BOOKMARK [3][-]{subsubsection.1.4.1}{\376\377\000C\000h\000e\000c\000k\000e\000r\000s\000\040\000G\000a\000m\000e}{subsection.1.4}% 12
\BOOKMARK [3][-]{subsubsection.1.4.2}{\376\377\000A\000u\000t\000o\000d\000i\000f\000f\000e\000r\000e\000n\000t\000i\000a\000t\000i\000o\000n\000\040\000e\000n\000g\000i\000n\000e}{subsection.1.4}% 13
\BOOKMARK [3][-]{subsubsection.1.4.3}{\376\377\000N\000e\000u\000r\000a\000l\000\040\000N\000e\000t\000w\000o\000r\000k\000\040\000L\000i\000b\000r\000a\000r\000y}{subsection.1.4}% 14
\BOOKMARK [3][-]{subsubsection.1.4.4}{\376\377\000R\000e\000i\000n\000f\000o\000r\000c\000e\000m\000e\000n\000t\000\040\000L\000e\000a\000r\000n\000i\000n\000g\000\040\000S\000o\000l\000u\000t\000i\000o\000n}{subsection.1.4}% 15
\BOOKMARK [1][-]{section.2}{\376\377\000D\000e\000s\000i\000g\000n}{}% 16
\BOOKMARK [2][-]{subsection.2.1}{\376\377\000F\000i\000l\000e\000\040\000S\000t\000r\000u\000c\000t\000u\000r\000e\000\040\000a\000n\000d\000\040\000P\000r\000o\000j\000e\000c\000t\000\040\000O\000r\000g\000a\000n\000i\000s\000a\000t\000i\000o\000n}{section.2}% 17
\BOOKMARK [2][-]{subsection.2.2}{\376\377\000C\000h\000e\000c\000k\000e\000r\000s}{section.2}% 18
\BOOKMARK [3][-]{subsubsection.2.2.1}{\376\377\000D\000a\000t\000a\000\040\000S\000t\000r\000u\000c\000t\000u\000r\000e\000s}{subsection.2.2}% 19
\BOOKMARK [3][-]{subsubsection.2.2.2}{\376\377\000A\000l\000g\000o\000r\000i\000t\000h\000m\000s}{subsection.2.2}% 20
\BOOKMARK [2][-]{subsection.2.3}{\376\377\000A\000u\000t\000o\000d\000i\000f\000f\000e\000r\000e\000n\000t\000i\000a\000t\000i\000o\000n\000\040\000E\000n\000g\000i\000n\000e}{section.2}% 21
\BOOKMARK [2][-]{subsection.2.4}{\376\377\000N\000e\000u\000r\000a\000l\000\040\000N\000e\000t\000w\000o\000r\000k\000\040\000L\000i\000b\000r\000a\000r\000y}{section.2}% 22
\BOOKMARK [2][-]{subsection.2.5}{\376\377\000R\000e\000i\000n\000f\000o\000r\000c\000e\000m\000e\000n\000t\000\040\000L\000e\000a\000r\000n\000i\000n\000g\000\040\000S\000o\000l\000u\000t\000i\000o\000n}{section.2}% 23
\BOOKMARK [1][-]{section.3}{\376\377\000R\000e\000s\000e\000a\000r\000c\000h\000\040\000L\000o\000g}{}% 24
\BOOKMARK [2][-]{subsection.3.1}{\376\377\000C\000h\000e\000c\000k\000e\000r\000s\000\040\000R\000u\000l\000e\000s}{section.3}% 25
\BOOKMARK [2][-]{subsection.3.2}{\376\377\000N\000e\000u\000r\000a\000l\000\040\000N\000e\000t\000w\000o\000r\000k\000s}{section.3}% 26
\BOOKMARK [3][-]{subsubsection.3.2.1}{\376\377\000V\000e\000c\000t\000o\000r\000i\000z\000a\000t\000i\000o\000n\000\040\000o\000f\000\040\000s\000u\000m\000m\000a\000t\000i\000o\000n\000s}{subsection.3.2}% 27
\BOOKMARK [3][-]{subsubsection.3.2.2}{\376\377\000C\000o\000n\000v\000o\000l\000u\000t\000i\000o\000n\000a\000l\000\040\000N\000e\000t\000w\000o\000r\000k\000s}{subsection.3.2}% 28
\BOOKMARK [2][-]{subsection.3.3}{\376\377\000A\000u\000t\000o\000m\000a\000t\000i\000c\000\040\000D\000i\000f\000f\000e\000r\000e\000n\000t\000i\000a\000t\000i\000o\000n}{section.3}% 29
\BOOKMARK [2][-]{subsection.3.4}{\376\377\000A\000l\000p\000h\000a\000Z\000e\000r\000o}{section.3}% 30
\BOOKMARK [2][-]{subsection.3.5}{\376\377\000E\000x\000i\000s\000t\000i\000n\000g\000\040\000A\000u\000t\000o\000\040\000d\000i\000f\000f\000e\000r\000e\000n\000t\000i\000a\000t\000i\000o\000n\000\040\000s\000y\000s\000t\000e\000m\000s}{section.3}% 31
\BOOKMARK [2][-]{subsection.3.6}{\376\377\000R\000e\000i\000n\000f\000o\000r\000c\000e\000m\000e\000n\000t\000\040\000L\000e\000a\000r\000n\000i\000n\000g}{section.3}% 32
