This is pdfTeX, Version 3.141592653-2.6-1.40.26 (TeX Live 2024) (preloaded format=pdflatex 2024.7.1)  7 DEC 2024 21:28
entering extended mode
 restricted \write18 enabled.
 file:line:error style messages enabled.
 %&-line parsing enabled.
**"c:/Users/edgar/Documents/GitHub/NEA/LaTex/Edgar NEA tex.tex"
(c:/Users/edgar/Documents/GitHub/NEA/LaTex/Edgar NEA tex.tex
LaTeX2e <2024-06-01> patch level 2
L3 programming layer <2024-05-27>
(c:/texlive/2024/texmf-dist/tex/latex/base/article.cls
Document Class: article 2024/02/08 v1.4n Standard LaTeX document class
(c:/texlive/2024/texmf-dist/tex/latex/base/size10.clo
File: size10.clo 2024/02/08 v1.4n Standard LaTeX file (size option)
)
\c@part=\count194
\c@section=\count195
\c@subsection=\count196
\c@subsubsection=\count197
\c@paragraph=\count198
\c@subparagraph=\count199
\c@figure=\count266
\c@table=\count267
\abovecaptionskip=\skip49
\belowcaptionskip=\skip50
\bibindent=\dimen141
) (c:/texlive/2024/texmf-dist/tex/latex/amsmath/amsmath.sty
Package: amsmath 2024/05/23 v2.17q AMS math features
\@mathmargin=\skip51

For additional information on amsmath, use the `?' option.
(c:/texlive/2024/texmf-dist/tex/latex/amsmath/amstext.sty
Package: amstext 2021/08/26 v2.01 AMS text
 (c:/texlive/2024/texmf-dist/tex/latex/amsmath/amsgen.sty
File: amsgen.sty 1999/11/30 v2.0 generic functions
\@emptytoks=\toks17
\ex@=\dimen142
)) (c:/texlive/2024/texmf-dist/tex/latex/amsmath/amsbsy.sty
Package: amsbsy 1999/11/29 v1.2d Bold Symbols
\pmbraise@=\dimen143
) (c:/texlive/2024/texmf-dist/tex/latex/amsmath/amsopn.sty
Package: amsopn 2022/04/08 v2.04 operator names
)
\inf@bad=\count268
LaTeX Info: Redefining \frac on input line 233.
\uproot@=\count269
\leftroot@=\count270
LaTeX Info: Redefining \overline on input line 398.
LaTeX Info: Redefining \colon on input line 409.
\classnum@=\count271
\DOTSCASE@=\count272
LaTeX Info: Redefining \ldots on input line 495.
LaTeX Info: Redefining \dots on input line 498.
LaTeX Info: Redefining \cdots on input line 619.
\Mathstrutbox@=\box52
\strutbox@=\box53
LaTeX Info: Redefining \big on input line 721.
LaTeX Info: Redefining \Big on input line 722.
LaTeX Info: Redefining \bigg on input line 723.
LaTeX Info: Redefining \Bigg on input line 724.
\big@size=\dimen144
LaTeX Font Info:    Redeclaring font encoding OML on input line 742.
LaTeX Font Info:    Redeclaring font encoding OMS on input line 743.
\macc@depth=\count273
LaTeX Info: Redefining \bmod on input line 904.
LaTeX Info: Redefining \pmod on input line 909.
LaTeX Info: Redefining \smash on input line 939.
LaTeX Info: Redefining \relbar on input line 969.
LaTeX Info: Redefining \Relbar on input line 970.
\c@MaxMatrixCols=\count274
\dotsspace@=\muskip17
\c@parentequation=\count275
\dspbrk@lvl=\count276
\tag@help=\toks18
\row@=\count277
\column@=\count278
\maxfields@=\count279
\andhelp@=\toks19
\eqnshift@=\dimen145
\alignsep@=\dimen146
\tagshift@=\dimen147
\tagwidth@=\dimen148
\totwidth@=\dimen149
\lineht@=\dimen150
\@envbody=\toks20
\multlinegap=\skip52
\multlinetaggap=\skip53
\mathdisplay@stack=\toks21
LaTeX Info: Redefining \[ on input line 2953.
LaTeX Info: Redefining \] on input line 2954.
) (c:/texlive/2024/texmf-dist/tex/latex/breqn/breqn.sty (c:/texlive/2024/texmf-dist/tex/latex/l3kernel/expl3.sty
Package: expl3 2024-05-27 L3 programming layer (loader) 
 (c:/texlive/2024/texmf-dist/tex/latex/l3backend/l3backend-pdftex.def
File: l3backend-pdftex.def 2024-05-08 L3 backend support: PDF output (pdfTeX)
\l__color_backend_stack_int=\count280
\l__pdf_internal_box=\box54
))
Package: breqn 2021/10/28 v0.98l Breaking equations
 (c:/texlive/2024/texmf-dist/tex/latex/graphics/graphicx.sty
Package: graphicx 2021/09/16 v1.2d Enhanced LaTeX Graphics (DPC,SPQR)
 (c:/texlive/2024/texmf-dist/tex/latex/graphics/keyval.sty
Package: keyval 2022/05/29 v1.15 key=value parser (DPC)
\KV@toks@=\toks22
) (c:/texlive/2024/texmf-dist/tex/latex/graphics/graphics.sty
Package: graphics 2024/05/23 v1.4g Standard LaTeX Graphics (DPC,SPQR)
 (c:/texlive/2024/texmf-dist/tex/latex/graphics/trig.sty
Package: trig 2023/12/02 v1.11 sin cos tan (DPC)
) (c:/texlive/2024/texmf-dist/tex/latex/graphics-cfg/graphics.cfg
File: graphics.cfg 2016/06/04 v1.11 sample graphics configuration
)
Package graphics Info: Driver file: pdftex.def on input line 106.
 (c:/texlive/2024/texmf-dist/tex/latex/graphics-def/pdftex.def
File: pdftex.def 2024/04/13 v1.2c Graphics/color driver for pdftex
))
\Gin@req@height=\dimen151
\Gin@req@width=\dimen152
) (c:/texlive/2024/texmf-dist/tex/latex/breqn/flexisym.sty
Package: flexisym 2021/10/28 v0.98l Make math characters macros
LaTeX Info: Redefining \textprime on input line 299.
LaTeX Info: Redefining \not on input line 357.
 (c:/texlive/2024/texmf-dist/tex/latex/breqn/cmbase.sym
File: cmbase.sym 2007/12/19 v0.92
LaTeX Info: Redefining \hbar on input line 324.
LaTeX Info: Redefining \surd on input line 326.
LaTeX Info: Redefining \angle on input line 334.
LaTeX Info: Redefining \neq on input line 335.
LaTeX Info: Redefining \mapsto on input line 336.
LaTeX Info: Redefining \cong on input line 337.
LaTeX Info: Redefining \notin on input line 340.
LaTeX Info: Redefining \rightleftharpoons on input line 341.
LaTeX Info: Redefining \doteq on input line 342.
LaTeX Info: Redefining \hookrightarrow on input line 343.
LaTeX Info: Redefining \hookleftarrow on input line 344.
LaTeX Info: Redefining \bowtie on input line 345.
LaTeX Info: Redefining \models on input line 346.
LaTeX Info: Redefining \Longrightarrow on input line 347.
LaTeX Info: Redefining \longrightarrow on input line 348.
LaTeX Info: Redefining \Longleftarrow on input line 349.
LaTeX Info: Redefining \longleftarrow on input line 350.
LaTeX Info: Redefining \longmapsto on input line 351.
LaTeX Info: Redefining \longleftrightarrow on input line 352.
LaTeX Info: Redefining \Longleftrightarrow on input line 353.
LaTeX Info: Redefining \cdots on input line 357.
LaTeX Info: Redefining \vdots on input line 360.
LaTeX Info: Redefining \ddots on input line 365.
) (c:/texlive/2024/texmf-dist/tex/latex/breqn/mathstyle.sty
Package: mathstyle 2021/10/28 v0.98l Tracking mathstyle implicitly
LaTeX Info: Redefining \displaystyle on input line 95.
LaTeX Info: Redefining \textstyle on input line 97.
LaTeX Info: Redefining \scriptstyle on input line 99.
LaTeX Info: Redefining \scriptscriptstyle on input line 101.
LaTeX Info: Redefining \genfrac on input line 149.
)) (c:/texlive/2024/texmf-dist/tex/latex/tools/calc.sty
Package: calc 2023/07/08 v4.3 Infix arithmetic (KKT,FJ)
\calc@Acount=\count281
\calc@Bcount=\count282
\calc@Adimen=\dimen153
\calc@Bdimen=\dimen154
\calc@Askip=\skip54
\calc@Bskip=\skip55
LaTeX Info: Redefining \setlength on input line 80.
LaTeX Info: Redefining \addtolength on input line 81.
\calc@Ccount=\count283
\calc@Cskip=\skip56
)
\inf@bad=\count284
\maxint=\count285
\listwidth=\dimen155
\eqnumsep=\dimen156
\eqmargin=\dimen157
\eqlinespacing=\skip57
\eqlineskip=\skip58
\eqlineskiplimit=\dimen158
\eqbinoffset=\muskip18
\eqdelimoffset=\muskip19
\eqindentstep=\dimen159
\eqstyle=\toks23
\eqbreakdepth=\count286
\eqinterlinepenalty=\count287
\intereqpenalty=\count288
\intereqskip=\skip59
\prerelpenalty=\count289
\prebinoppenalty=\count290
\Dmedmuskip=\muskip20
\Dthickmuskip=\muskip21
\eqleftskip=\skip60
\eqrightskip=\skip61
\eq@vspan=\skip62
\eq@binoffset=\muskip22
\EQ@box=\box55
\EQ@copy=\box56
\EQ@numbox=\box57
\eq@wdNum=\dimen160
\GRP@numbox=\box58
\grp@wdNum=\dimen161
\eq@lines=\count291
\eq@curline=\count292
\eq@badness=\count293
\EQ@vims=\count294
\eq@dp=\dimen162
\eq@wdL=\dimen163
\eq@wdT=\dimen164
\eq@wdMin=\dimen165
\grp@wdL=\dimen166
\grp@wdR=\dimen167
\grp@wdT=\dimen168
\eq@wdRmax=\dimen169
\eq@firstht=\dimen170
\eq@wdCond=\dimen171
\eq@indentstep=\dimen172
\eq@linewidth=\dimen173
\grp@linewidth=\dimen174
\eq@hshift=\dimen175
\eq@given@sidespace=\dimen176
\mathindent=\dimen177
\eq@final@linecount=\count295
\eq@wdR=\dimen178
\EQ@continue=\toks24
\lr@level=\count296
\GRP@queue=\toks25
\GRP@box=\box59
\GRP@wholebox=\box60
\darraycolsep=\skip63
\cur@row=\count297
\cur@col=\count298
\conditionsep=\skip64
) (c:/texlive/2024/texmf-dist/tex/latex/amsfonts/amssymb.sty
Package: amssymb 2013/01/14 v3.01 AMS font symbols
 (c:/texlive/2024/texmf-dist/tex/latex/amsfonts/amsfonts.sty
Package: amsfonts 2013/01/14 v3.01 Basic AMSFonts support
\symAMSa=\mathgroup4
\symAMSb=\mathgroup5
LaTeX Font Info:    Overwriting math alphabet `\mathfrak' in version `bold'
(Font)                  U/euf/m/n --> U/euf/b/n on input line 106.
)) (c:/texlive/2024/texmf-dist/tex/generic/dirtree/dirtree.sty
Package: dirtree 2012/12/11 v0.32 package wrapper for dirtree
 (c:/texlive/2024/texmf-dist/tex/generic/dirtree/dirtree.tex `dirtree' v0.32, 2012/12/11 (jcc)
\DT@offset=\dimen179
\DT@width=\dimen180
\DT@sep=\dimen181
\DT@all=\dimen182
\DT@rulewidth=\dimen183
\DT@dotwidth=\dimen184
\DTbaselineskip=\dimen185
\DT@counti=\count299
\DT@countii=\count300
\DT@countiii=\count301
\DT@countiv=\count302
\DT@indent=\dimen186
\DT@parskip=\dimen187
\DT@baselineskip=\dimen188
)
File: dirtree.tex 2012/12/11 v0.32 `dirtree' (jcc)
) (c:/texlive/2024/texmf-dist/tex/latex/algorithms/algorithm.sty
Package: algorithm 2009/08/24 v0.1 Document Style `algorithm' - floating environment
 (c:/texlive/2024/texmf-dist/tex/latex/float/float.sty
Package: float 2001/11/08 v1.3d Float enhancements (AL)
\c@float@type=\count303
\float@exts=\toks26
\float@box=\box61
\@float@everytoks=\toks27
\@floatcapt=\box62
) (c:/texlive/2024/texmf-dist/tex/latex/base/ifthen.sty
Package: ifthen 2024/03/16 v1.1e Standard LaTeX ifthen package (DPC)
)
\@float@every@algorithm=\toks28
\c@algorithm=\count304
) (c:/texlive/2024/texmf-dist/tex/latex/algorithmicx/algpseudocode.sty
Package: algpseudocode 
 (c:/texlive/2024/texmf-dist/tex/latex/algorithmicx/algorithmicx.sty
Package: algorithmicx 2005/04/27 v1.2 Algorithmicx

Document Style algorithmicx 1.2 - a greatly improved `algorithmic' style
\c@ALG@line=\count305
\c@ALG@rem=\count306
\c@ALG@nested=\count307
\ALG@tlm=\skip65
\ALG@thistlm=\skip66
\c@ALG@Lnr=\count308
\c@ALG@blocknr=\count309
\c@ALG@storecount=\count310
\c@ALG@tmpcounter=\count311
\ALG@tmplength=\skip67
)
Document Style - pseudocode environments for use with the `algorithmicx' style
) (c:/texlive/2024/texmf-dist/tex/latex/geometry/geometry.sty
Package: geometry 2020/01/02 v5.9 Page Geometry
 (c:/texlive/2024/texmf-dist/tex/generic/iftex/ifvtex.sty
Package: ifvtex 2019/10/25 v1.7 ifvtex legacy package. Use iftex instead.
 (c:/texlive/2024/texmf-dist/tex/generic/iftex/iftex.sty
Package: iftex 2022/02/03 v1.0f TeX engine tests
))
\Gm@cnth=\count312
\Gm@cntv=\count313
\c@Gm@tempcnt=\count314
\Gm@bindingoffset=\dimen189
\Gm@wd@mp=\dimen190
\Gm@odd@mp=\dimen191
\Gm@even@mp=\dimen192
\Gm@layoutwidth=\dimen193
\Gm@layoutheight=\dimen194
\Gm@layouthoffset=\dimen195
\Gm@layoutvoffset=\dimen196
\Gm@dimlist=\toks29
) (c:/texlive/2024/texmf-dist/tex/latex/hyperref/hyperref.sty
Package: hyperref 2024-05-23 v7.01i Hypertext links for LaTeX
 (c:/texlive/2024/texmf-dist/tex/latex/kvsetkeys/kvsetkeys.sty
Package: kvsetkeys 2022-10-05 v1.19 Key value parser (HO)
) (c:/texlive/2024/texmf-dist/tex/generic/kvdefinekeys/kvdefinekeys.sty
Package: kvdefinekeys 2019-12-19 v1.6 Define keys (HO)
) (c:/texlive/2024/texmf-dist/tex/generic/pdfescape/pdfescape.sty
Package: pdfescape 2019/12/09 v1.15 Implements pdfTeX's escape features (HO)
 (c:/texlive/2024/texmf-dist/tex/generic/ltxcmds/ltxcmds.sty
Package: ltxcmds 2023-12-04 v1.26 LaTeX kernel commands for general use (HO)
) (c:/texlive/2024/texmf-dist/tex/generic/pdftexcmds/pdftexcmds.sty
Package: pdftexcmds 2020-06-27 v0.33 Utility functions of pdfTeX for LuaTeX (HO)
 (c:/texlive/2024/texmf-dist/tex/generic/infwarerr/infwarerr.sty
Package: infwarerr 2019/12/03 v1.5 Providing info/warning/error messages (HO)
)
Package pdftexcmds Info: \pdf@primitive is available.
Package pdftexcmds Info: \pdf@ifprimitive is available.
Package pdftexcmds Info: \pdfdraftmode found.
)) (c:/texlive/2024/texmf-dist/tex/latex/hycolor/hycolor.sty
Package: hycolor 2020-01-27 v1.10 Color options for hyperref/bookmark (HO)
) (c:/texlive/2024/texmf-dist/tex/latex/hyperref/nameref.sty
Package: nameref 2023-11-26 v2.56 Cross-referencing by name of section
 (c:/texlive/2024/texmf-dist/tex/latex/refcount/refcount.sty
Package: refcount 2019/12/15 v3.6 Data extraction from label references (HO)
) (c:/texlive/2024/texmf-dist/tex/generic/gettitlestring/gettitlestring.sty
Package: gettitlestring 2019/12/15 v1.6 Cleanup title references (HO)
 (c:/texlive/2024/texmf-dist/tex/latex/kvoptions/kvoptions.sty
Package: kvoptions 2022-06-15 v3.15 Key value format for package options (HO)
))
\c@section@level=\count315
) (c:/texlive/2024/texmf-dist/tex/latex/etoolbox/etoolbox.sty
Package: etoolbox 2020/10/05 v2.5k e-TeX tools for LaTeX (JAW)
\etb@tempcnta=\count316
) (c:/texlive/2024/texmf-dist/tex/generic/stringenc/stringenc.sty
Package: stringenc 2019/11/29 v1.12 Convert strings between diff. encodings (HO)
)
\@linkdim=\dimen197
\Hy@linkcounter=\count317
\Hy@pagecounter=\count318
 (c:/texlive/2024/texmf-dist/tex/latex/hyperref/pd1enc.def
File: pd1enc.def 2024-05-23 v7.01i Hyperref: PDFDocEncoding definition (HO)
Now handling font encoding PD1 ...
... no UTF-8 mapping file for font encoding PD1
) (c:/texlive/2024/texmf-dist/tex/generic/intcalc/intcalc.sty
Package: intcalc 2019/12/15 v1.3 Expandable calculations with integers (HO)
)
\Hy@SavedSpaceFactor=\count319
 (c:/texlive/2024/texmf-dist/tex/latex/hyperref/puenc.def
File: puenc.def 2024-05-23 v7.01i Hyperref: PDF Unicode definition (HO)
Now handling font encoding PU ...
... no UTF-8 mapping file for font encoding PU
)
Package hyperref Info: Hyper figures OFF on input line 4157.
Package hyperref Info: Link nesting OFF on input line 4162.
Package hyperref Info: Hyper index ON on input line 4165.
Package hyperref Info: Plain pages OFF on input line 4172.
Package hyperref Info: Backreferencing OFF on input line 4177.
Package hyperref Info: Implicit mode ON; LaTeX internals redefined.
Package hyperref Info: Bookmarks ON on input line 4424.
\c@Hy@tempcnt=\count320
 (c:/texlive/2024/texmf-dist/tex/latex/url/url.sty
\Urlmuskip=\muskip23
Package: url 2013/09/16  ver 3.4  Verb mode for urls, etc.
)
LaTeX Info: Redefining \url on input line 4763.
\XeTeXLinkMargin=\dimen198
 (c:/texlive/2024/texmf-dist/tex/generic/bitset/bitset.sty
Package: bitset 2019/12/09 v1.3 Handle bit-vector datatype (HO)
 (c:/texlive/2024/texmf-dist/tex/generic/bigintcalc/bigintcalc.sty
Package: bigintcalc 2019/12/15 v1.5 Expandable calculations on big integers (HO)
))
\Fld@menulength=\count321
\Field@Width=\dimen199
\Fld@charsize=\dimen256
Package hyperref Info: Hyper figures OFF on input line 6042.
Package hyperref Info: Link nesting OFF on input line 6047.
Package hyperref Info: Hyper index ON on input line 6050.
Package hyperref Info: backreferencing OFF on input line 6057.
Package hyperref Info: Link coloring OFF on input line 6062.
Package hyperref Info: Link coloring with OCG OFF on input line 6067.
Package hyperref Info: PDF/A mode OFF on input line 6072.
 (c:/texlive/2024/texmf-dist/tex/latex/base/atbegshi-ltx.sty
Package: atbegshi-ltx 2021/01/10 v1.0c Emulation of the original atbegshi
package with kernel methods
)
\Hy@abspage=\count322
\c@Item=\count323
\c@Hfootnote=\count324
)
Package hyperref Info: Driver (autodetected): hpdftex.
 (c:/texlive/2024/texmf-dist/tex/latex/hyperref/hpdftex.def
File: hpdftex.def 2024-05-23 v7.01i Hyperref driver for pdfTeX
 (c:/texlive/2024/texmf-dist/tex/latex/base/atveryend-ltx.sty
Package: atveryend-ltx 2020/08/19 v1.0a Emulation of the original atveryend package
with kernel methods
)
\Fld@listcount=\count325
\c@bookmark@seq@number=\count326
 (c:/texlive/2024/texmf-dist/tex/latex/rerunfilecheck/rerunfilecheck.sty
Package: rerunfilecheck 2022-07-10 v1.10 Rerun checks for auxiliary files (HO)
 (c:/texlive/2024/texmf-dist/tex/generic/uniquecounter/uniquecounter.sty
Package: uniquecounter 2019/12/15 v1.4 Provide unlimited unique counter (HO)
)
Package uniquecounter Info: New unique counter `rerunfilecheck' on input line 285.
)
\Hy@SectionHShift=\skip68
)
Package hyperref Info: Option `colorlinks' set `true' on input line 19.
 (c:/texlive/2024/texmf-dist/tex/latex/wrapfig/wrapfig.sty
\wrapoverhang=\dimen257
\WF@size=\dimen258
\c@WF@wrappedlines=\count327
\WF@box=\box63
\WF@everypar=\toks30
Package: wrapfig 2003/01/31  v 3.6
) (c:/texlive/2024/texmf-dist/tex/latex/tools/array.sty
Package: array 2024/06/14 v2.6d Tabular extension package (FMi)
\col@sep=\dimen259
\ar@mcellbox=\box64
\extrarowheight=\dimen260
\NC@list=\toks31
\extratabsurround=\skip69
\backup@length=\skip70
\ar@cellbox=\box65
) (c:/texlive/2024/texmf-dist/tex/latex/xcolor/xcolor.sty
Package: xcolor 2023/11/15 v3.01 LaTeX color extensions (UK)
 (c:/texlive/2024/texmf-dist/tex/latex/graphics-cfg/color.cfg
File: color.cfg 2016/01/02 v1.6 sample color configuration
)
Package xcolor Info: Driver file: pdftex.def on input line 274.
 (c:/texlive/2024/texmf-dist/tex/latex/graphics/mathcolor.ltx)
Package xcolor Info: Model `cmy' substituted by `cmy0' on input line 1350.
Package xcolor Info: Model `hsb' substituted by `rgb' on input line 1354.
Package xcolor Info: Model `RGB' extended on input line 1366.
Package xcolor Info: Model `HTML' substituted by `rgb' on input line 1368.
Package xcolor Info: Model `Hsb' substituted by `hsb' on input line 1369.
Package xcolor Info: Model `tHsb' substituted by `hsb' on input line 1370.
Package xcolor Info: Model `HSB' substituted by `hsb' on input line 1371.
Package xcolor Info: Model `Gray' substituted by `gray' on input line 1372.
Package xcolor Info: Model `wave' substituted by `hsb' on input line 1373.
) (c:/texlive/2024/texmf-dist/tex/generic/soul/soul.sty
Package: soul 2023-06-14 v3.1 Permit use of UTF-8 characters in soul (HO)
 (c:/texlive/2024/texmf-dist/tex/generic/soul/soul-ori.sty
Package: soul-ori 2023-06-14 v3.1 letterspacing/underlining (mf)
\SOUL@word=\toks32
\SOUL@lasttoken=\toks33
\SOUL@syllable=\toks34
\SOUL@cmds=\toks35
\SOUL@buffer=\toks36
\SOUL@token=\toks37
\SOUL@syllgoal=\dimen261
\SOUL@syllwidth=\dimen262
\SOUL@charkern=\dimen263
\SOUL@hyphkern=\dimen264
\SOUL@dimen=\dimen265
\SOUL@dimeni=\dimen266
\SOUL@minus=\count328
\SOUL@comma=\count329
\SOUL@apo=\count330
\SOUL@grave=\count331
\SOUL@spaceskip=\skip71
\SOUL@ttwidth=\dimen267
\SOUL@uldp=\dimen268
\SOUL@ulht=\dimen269
) (c:/texlive/2024/texmf-dist/tex/generic/etexcmds/etexcmds.sty
Package: etexcmds 2019/12/15 v1.7 Avoid name clashes with e-TeX commands (HO)
)) (c:/texlive/2024/texmf-dist/tex/latex/lipsum/lipsum.sty (c:/texlive/2024/texmf-dist/tex/latex/l3packages/l3keys2e/l3keys2e.sty
Package: l3keys2e 2024-05-08 LaTeX2e option processing using LaTeX3 keys
)
Package: lipsum 2021-09-20 v2.7 150 paragraphs of Lorem Ipsum dummy text
\g__lipsum_par_int=\count332
\l__lipsum_a_int=\count333
\l__lipsum_b_int=\count334
 (c:/texlive/2024/texmf-dist/tex/latex/lipsum/lipsum.ltd.tex)) (./Edgar NEA tex.aux

LaTeX Warning: Label `alg:cap' multiply defined.


LaTeX Warning: Label `alg:cap' multiply defined.


LaTeX Warning: Label `alg:cap' multiply defined.


LaTeX Warning: Label `alg:cap' multiply defined.


LaTeX Warning: Label `alg:cap' multiply defined.

)
\openout1 = `"Edgar NEA tex.aux"'.

LaTeX Font Info:    Checking defaults for OML/cmm/m/it on input line 40.
LaTeX Font Info:    ... okay on input line 40.
LaTeX Font Info:    Checking defaults for OMS/cmsy/m/n on input line 40.
LaTeX Font Info:    ... okay on input line 40.
LaTeX Font Info:    Checking defaults for OT1/cmr/m/n on input line 40.
LaTeX Font Info:    ... okay on input line 40.
LaTeX Font Info:    Checking defaults for T1/cmr/m/n on input line 40.
LaTeX Font Info:    ... okay on input line 40.
LaTeX Font Info:    Checking defaults for TS1/cmr/m/n on input line 40.
LaTeX Font Info:    ... okay on input line 40.
LaTeX Font Info:    Checking defaults for OMX/cmex/m/n on input line 40.
LaTeX Font Info:    ... okay on input line 40.
LaTeX Font Info:    Checking defaults for U/cmr/m/n on input line 40.
LaTeX Font Info:    ... okay on input line 40.
LaTeX Font Info:    Checking defaults for PD1/pdf/m/n on input line 40.
LaTeX Font Info:    ... okay on input line 40.
LaTeX Font Info:    Checking defaults for PU/pdf/m/n on input line 40.
LaTeX Font Info:    ... okay on input line 40.
 (c:/texlive/2024/texmf-dist/tex/context/base/mkii/supp-pdf.mkii
[Loading MPS to PDF converter (version 2006.09.02).]
\scratchcounter=\count335
\scratchdimen=\dimen270
\scratchbox=\box66
\nofMPsegments=\count336
\nofMParguments=\count337
\everyMPshowfont=\toks38
\MPscratchCnt=\count338
\MPscratchDim=\dimen271
\MPnumerator=\count339
\makeMPintoPDFobject=\count340
\everyMPtoPDFconversion=\toks39
) (c:/texlive/2024/texmf-dist/tex/latex/epstopdf-pkg/epstopdf-base.sty
Package: epstopdf-base 2020-01-24 v2.11 Base part for package epstopdf
Package epstopdf-base Info: Redefining graphics rule for `.eps' on input line 485.
 (c:/texlive/2024/texmf-dist/tex/latex/latexconfig/epstopdf-sys.cfg
File: epstopdf-sys.cfg 2010/07/13 v1.3 Configuration of (r)epstopdf for TeX Live
))
*geometry* driver: auto-detecting
*geometry* detected driver: pdftex
*geometry* verbose mode - [ preamble ] result:
* driver: pdftex
* paper: <default>
* layout: <same size as paper>
* layoutoffset:(h,v)=(0.0pt,0.0pt)
* modes: 
* h-part:(L,W,R)=(72.26999pt, 469.75502pt, 72.26999pt)
* v-part:(T,H,B)=(72.26999pt, 650.43001pt, 72.26999pt)
* \paperwidth=614.295pt
* \paperheight=794.96999pt
* \textwidth=469.75502pt
* \textheight=650.43001pt
* \oddsidemargin=0.0pt
* \evensidemargin=0.0pt
* \topmargin=-37.0pt
* \headheight=12.0pt
* \headsep=25.0pt
* \topskip=10.0pt
* \footskip=30.0pt
* \marginparwidth=65.0pt
* \marginparsep=11.0pt
* \columnsep=10.0pt
* \skip\footins=9.0pt plus 4.0pt minus 2.0pt
* \hoffset=0.0pt
* \voffset=0.0pt
* \mag=1000
* \@twocolumnfalse
* \@twosidefalse
* \@mparswitchfalse
* \@reversemarginfalse
* (1in=72.27pt=25.4mm, 1cm=28.453pt)

Package hyperref Info: Link coloring ON on input line 40.
(./Edgar NEA tex.out) (./Edgar NEA tex.out)
\@outlinefile=\write3
\openout3 = `"Edgar NEA tex.out"'.



[1

{c:/texlive/2024/texmf-var/fonts/map/pdftex/updmap/pdftex.map}] (./Edgar NEA tex.toc
LaTeX Font Info:    Trying to load font information for U+msa on input line 2.
 (c:/texlive/2024/texmf-dist/tex/latex/amsfonts/umsa.fd
File: umsa.fd 2013/01/14 v3.01 AMS symbols A
)
LaTeX Font Info:    Trying to load font information for U+msb on input line 2.
 (c:/texlive/2024/texmf-dist/tex/latex/amsfonts/umsb.fd
File: umsb.fd 2013/01/14 v3.01 AMS symbols B
))
\tf@toc=\write4
\openout4 = `"Edgar NEA tex.toc"'.




pdfTeX warning (ext4): destination with the same identifier (name{page.1}) has been already used, duplicate ignored
<to be read again> 
                   \relax 
l.84     \subsection
                    {Evidence of Analysis} [1]
<./images/The-starting-position-for-checkers.png, id=108, 308.15125pt x 309.155pt>
File: ./images/The-starting-position-for-checkers.png Graphic file (type png)
<use ./images/The-starting-position-for-checkers.png>
Package pdftex.def Info: ./images/The-starting-position-for-checkers.png  used on input line 100.
(pdftex.def)             Requested size: 107.85454pt x 108.20586pt.


Package wrapfig Warning: Collision between wrapping environments on input line 109.

<./images/piece being taken.png, id=109, 114.4275pt x 113.67468pt>
File: ./images/piece being taken.png Graphic file (type png)
<use ./images/piece being taken.png>
Package pdftex.def Info: ./images/piece being taken.png  used on input line 111.
(pdftex.def)             Requested size: 131.59059pt x 130.72485pt.

Package wrapfig Warning: Stationary wrapfigure forced to float on input line 114.

<./images/double hop.png, id=111, 171.13937pt x 171.13937pt>
File: ./images/double hop.png Graphic file (type png)
<use ./images/double hop.png>
Package pdftex.def Info: ./images/double hop.png  used on input line 132.
(pdftex.def)             Requested size: 102.6844pt x 102.6844pt.


[2 <./images/The-starting-position-for-checkers.png> <./images/piece being taken.png> <./images/double hop.png>]
Underfull \hbox (badness 10000) in paragraph at lines 145--147

 []

<./images/ConnectedNode.png, id=124, 548.80031pt x 545.03625pt>
File: ./images/ConnectedNode.png Graphic file (type png)
<use ./images/ConnectedNode.png>
Package pdftex.def Info: ./images/ConnectedNode.png  used on input line 152.
(pdftex.def)             Requested size: 109.7581pt x 109.00531pt.


[3 <./images/ConnectedNode.png>]
<./images/ConvInputIndependentCode.png, id=144, 788.9475pt x 593.21625pt>
File: ./images/ConvInputIndependentCode.png Graphic file (type png)
<use ./images/ConvInputIndependentCode.png>
Package pdftex.def Info: ./images/ConvInputIndependentCode.png  used on input line 237.
(pdftex.def)             Requested size: 157.7867pt x 118.64114pt.


[4 <./images/ConvInputIndependentCode.png>]
<./images/ConvForwardPropIndependentCode.png, id=158, 537.207pt x 269.808pt>
File: ./images/ConvForwardPropIndependentCode.png Graphic file (type png)
<use ./images/ConvForwardPropIndependentCode.png>
Package pdftex.def Info: ./images/ConvForwardPropIndependentCode.png  used on input line 260.
(pdftex.def)             Requested size: 161.16335pt x 80.94302pt.
<./images/MSEplot.png, id=159, 403.9893pt x 393.8715pt>
File: ./images/MSEplot.png Graphic file (type png)
<use ./images/MSEplot.png>
Package pdftex.def Info: ./images/MSEplot.png  used on input line 291.
(pdftex.def)             Requested size: 201.99416pt x 196.93526pt.
<./images/image.png, id=160, 880.03781pt x 612.78937pt>
File: ./images/image.png Graphic file (type png)
<use ./images/image.png>
Package pdftex.def Info: ./images/image.png  used on input line 300.
(pdftex.def)             Requested size: 176.00444pt x 122.5557pt.


[5 <./images/ConvForwardPropIndependentCode.png> <./images/MSEplot.png>]
<./images/ExampleCompGraph.png, id=174, 415.5525pt x 684.5575pt>
File: ./images/ExampleCompGraph.png Graphic file (type png)
<use ./images/ExampleCompGraph.png>
Package pdftex.def Info: ./images/ExampleCompGraph.png  used on input line 349.
(pdftex.def)             Requested size: 141.28598pt x 232.74646pt.


[6 <./images/image.png>]
<./images/markovprocess.png, id=192, 413.545pt x 122.4575pt>
File: ./images/markovprocess.png Graphic file (type png)
<use ./images/markovprocess.png>
Package pdftex.def Info: ./images/markovprocess.png  used on input line 390.
(pdftex.def)             Requested size: 206.77199pt x 61.22859pt.


[7 <./images/ExampleCompGraph.png>]
<./images/qlearning.PNG, id=208, 390.70969pt x 346.29375pt>
File: ./images/qlearning.PNG Graphic file (type png)
<use ./images/qlearning.PNG>
Package pdftex.def Info: ./images/qlearning.PNG  used on input line 409.
(pdftex.def)             Requested size: 156.2811pt x 138.51503pt.


[8 <./images/markovprocess.png> <./images/qlearning.PNG>]
<./images/1992Tinsleymatch.jpg, id=221, 1303.87125pt x 719.68875pt>
File: ./images/1992Tinsleymatch.jpg Graphic file (type jpg)
<use ./images/1992Tinsleymatch.jpg>
Package pdftex.def Info: ./images/1992Tinsleymatch.jpg  used on input line 448.
(pdftex.def)             Requested size: 189.06644pt x 104.35768pt.
<./images/download.jpg, id=222, 290.08376pt x 174.6525pt>
File: ./images/download.jpg Graphic file (type jpg)
<use ./images/download.jpg>
Package pdftex.def Info: ./images/download.jpg  used on input line 460.
(pdftex.def)             Requested size: 203.05724pt x 122.2559pt.


[9 <./images/1992Tinsleymatch.jpg> <./images/download.jpg>]
<./images/DraughtsUMLdrawio.png, id=232, 1056.94875pt x 1065.9825pt>
File: ./images/DraughtsUMLdrawio.png Graphic file (type png)
<use ./images/DraughtsUMLdrawio.png>
Package pdftex.def Info: ./images/DraughtsUMLdrawio.png  used on input line 517.
(pdftex.def)             Requested size: 253.67288pt x 255.84102pt.


[10 <./images/DraughtsUMLdrawio.png>]
<./images/AutoDiffUML.drawio.png, id=241, 11061.325pt x 14534.3pt>
File: ./images/AutoDiffUML.drawio.png Graphic file (type png)
<use ./images/AutoDiffUML.drawio.png>
Package pdftex.def Info: ./images/AutoDiffUML.drawio.png  used on input line 527.
(pdftex.def)             Requested size: 221.27321pt x 290.74739pt.
<./images/NNUML (simple).drawio.png, id=242, 706.64pt x 362.35374pt>
File: ./images/NNUML (simple).drawio.png Graphic file (type png)
<use ./images/NNUML (simple).drawio.png>
Package pdftex.def Info: ./images/NNUML (simple).drawio.png  used on input line 559.
(pdftex.def)             Requested size: 353.31914pt x 181.17642pt.


LaTeX Warning: `h' float specifier changed to `ht'.



[11 <./images/AutoDiffUML.drawio.png>]
Underfull \hbox (badness 10000) in paragraph at lines 566--568

 []

<./images/RLSolutionUML.png, id=251, 442.65375pt x 322.20375pt>
File: ./images/RLSolutionUML.png Graphic file (type png)
<use ./images/RLSolutionUML.png>
Package pdftex.def Info: ./images/RLSolutionUML.png  used on input line 571.
(pdftex.def)             Requested size: 221.32632pt x 161.10147pt.


[12 <./images/NNUML (simple).drawio.png> <./images/RLSolutionUML.png>]
Package hyperref Info: bookmark level for unknown algorithm defaults to 0 on input line 585.


[13]

[14]

[15]
Underfull \hbox (badness 10000) in paragraph at lines 753--754

 []



[16]

[17]

[18]

[19]

[20]

[21]

[22]
Underfull \hbox (badness 10000) in paragraph at lines 1095--1097

 []


Package amsmath Warning: Foreign command \atopwithdelims;
(amsmath)                \frac or \genfrac should be used instead
(amsmath)                 on input line 1102.


Underfull \hbox (badness 1418) in paragraph at lines 1136--1137
[]|\OT1/cmr/m/n/10 Provides a sim-pler to use and
 []


Underfull \hbox (badness 10000) in paragraph at lines 1136--1137
\OT1/cmr/m/n/10 un-der-stand in-ter-face be-tween
 []


Underfull \hbox (badness 4467) in paragraph at lines 1138--1139
[]|\OT1/cmr/m/n/10 Stored in classes named rel-e-
 []


Underfull \hbox (badness 2310) in paragraph at lines 1138--1139
\OT1/cmr/m/n/10 vant to the con-stant. These
 []


Underfull \hbox (badness 1057) in paragraph at lines 1138--1139
\OT1/cmr/m/n/10 of what-ever type that con-stant
 []


Underfull \hbox (badness 2970) in paragraph at lines 1138--1139
\OT1/cmr/m/n/10 is de-fined as (e.g to get the
 []



[23]

[24]

LaTeX Warning: Hyper reference `analysis section' on page 25 undefined on input line 1181.



[25]
<./images/MainMenuPrototype.drawio.png, id=476, 1304.875pt x 443.6575pt>
File: ./images/MainMenuPrototype.drawio.png Graphic file (type png)
<use ./images/MainMenuPrototype.drawio.png>
Package pdftex.def Info: ./images/MainMenuPrototype.drawio.png  used on input line 1239.
(pdftex.def)             Requested size: 456.71309pt x 155.28244pt.
<./images/MainMenuHierachyChart.drawio.png, id=478, 1027.84pt x 1047.915pt>
File: ./images/MainMenuHierachyChart.drawio.png Graphic file (type png)
<use ./images/MainMenuHierachyChart.drawio.png>
Package pdftex.def Info: ./images/MainMenuHierachyChart.drawio.png  used on input line 1252.
(pdftex.def)             Requested size: 205.56436pt x 209.57928pt.


[26 <./images/MainMenuPrototype.drawio.png> <./images/MainMenuHierachyChart.drawio.png>]
Underfull \hbox (badness 4859) in paragraph at lines 1276--1277
\OT1/cmr/m/n/10 ma-trix. Use-ful for it-er-at-ing
 []


Underfull \hbox (badness 10000) in paragraph at lines 1278--1278
[]|\OT1/cmr/m/n/10 Tensor Chil-dren +
 []


Underfull \hbox (badness 1087) in paragraph at lines 1278--1279
\OT1/cmr/m/n/10 ten-sor - which then builds the
 []


Underfull \hbox (badness 10000) in paragraph at lines 1280--1280
[]|\OT1/cmr/m/n/10 Tensor Func-tion
 []



[27]
<./images/Cross-Correlation-Algorithm.drawio.png, id=502, 628.3475pt x 1208.515pt>
File: ./images/Cross-Correlation-Algorithm.drawio.png Graphic file (type png)
<use ./images/Cross-Correlation-Algorithm.drawio.png>
Package pdftex.def Info: ./images/Cross-Correlation-Algorithm.drawio.png  used on input line 1339.
(pdftex.def)             Requested size: 172.79129pt x 332.33344pt.


[28 <./images/Cross-Correlation-Algorithm.drawio.png>]
<./images/Full-Cross_Correlation-Algorithm.drawio.png, id=512, 809.0225pt x 1630.09pt>
File: ./images/Full-Cross_Correlation-Algorithm.drawio.png Graphic file (type png)
<use ./images/Full-Cross_Correlation-Algorithm.drawio.png>
Package pdftex.def Info: ./images/Full-Cross_Correlation-Algorithm.drawio.png  used on input line 1349.
(pdftex.def)             Requested size: 222.47571pt x 448.2637pt.


[29 <./images/Full-Cross_Correlation-Algorithm.drawio.png>]
<./images/Tensor-forward-example.drawio.png, id=520, 1266.7325pt x 666.49pt>
File: ./images/Tensor-forward-example.drawio.png Graphic file (type png)
<use ./images/Tensor-forward-example.drawio.png>
Package pdftex.def Info: ./images/Tensor-forward-example.drawio.png  used on input line 1367.
(pdftex.def)             Requested size: 253.34201pt x 133.29564pt.

Overfull \hbox (9.0674pt too wide) in paragraph at lines 1367--1368
 [][] 
 []

<./images/Tensor-backward1-example.drawio.png, id=521, 1266.7325pt x 664.4825pt>
File: ./images/Tensor-backward1-example.drawio.png Graphic file (type png)
<use ./images/Tensor-backward1-example.drawio.png>
Package pdftex.def Info: ./images/Tensor-backward1-example.drawio.png  used on input line 1379.
(pdftex.def)             Requested size: 253.34201pt x 132.89413pt.
<./images/Tensor-backward2-example.drawio.png, id=522, 1266.7325pt x 696.6025pt>
File: ./images/Tensor-backward2-example.drawio.png Graphic file (type png)
<use ./images/Tensor-backward2-example.drawio.png>
Package pdftex.def Info: ./images/Tensor-backward2-example.drawio.png  used on input line 1387.
(pdftex.def)             Requested size: 253.34201pt x 139.31802pt.


[30 <./images/Tensor-forward-example.drawio.png> <./images/Tensor-backward1-example.drawio.png> <./images/Tensor-backward2-example.drawio.png>]

[31]
<./images/NetworkPassThrough.drawio.png, id=543, 1041.1397pt x 984.67876pt>
File: ./images/NetworkPassThrough.drawio.png Graphic file (type png)
<use ./images/NetworkPassThrough.drawio.png>
Package pdftex.def Info: ./images/NetworkPassThrough.drawio.png  used on input line 1414.
(pdftex.def)             Requested size: 468.50853pt x 443.10135pt.


[32]

[33 <./images/NetworkPassThrough.drawio.png>]
Overfull \hbox (208.73912pt too wide) in paragraph at lines 1426--1427
[][]$\OT1/cmtt/m/n/10 https : / / math . stackexchange . com / questions / 2240519 / how-[]to-[]find-[]the-[]amount-[]of-[]possible-[]piece-[]configurations-[]in-[]the-[]game-[]of-[]checkers$[][] 
 []


Underfull \hbox (badness 10000) in paragraph at lines 1435--1436

 []


Overfull \hbox (17.46298pt too wide) in paragraph at lines 1441--1445
[][]$\OT1/cmtt/m/n/10 https : / / ai . stackexchange . com / questions / 13156 / does-[]alphazero-[]use-[]q-[]learning$[][] [][]$https : / / suragnair .
 []


Overfull \hbox (70.24031pt too wide) in paragraph at lines 1450--1452
[][]$\OT1/cmtt/m/n/10 https : / / medium . com / @utsavstha / jax-[]vs-[]pytorch-[]a-[]comprehensive-[]comparison-[]for-[]deep-[]learning-[]10a84f934e17$[][]
 []


Overfull \hbox (47.7405pt too wide) in paragraph at lines 1454--1458
[][]$\OT1/cmtt/m/n/10 https : / / smartlabai . medium . com / reinforcement-[]learning-[]algorithms-[]an-[]intuitive-[]overview-[]904e2dff5bbc$[][]
 []


Overfull \hbox (53.49045pt too wide) in paragraph at lines 1454--1458
[][]$\OT1/cmtt/m/n/10 https : / / medium . com / the-[]official-[]integrate-[]ai-[]blog / understanding-[]reinforcement-[]learning-[]93d4e34e5698$[][]
 []


Overfull \hbox (22.99072pt too wide) in paragraph at lines 1454--1458
[][]$\OT1/cmtt/m/n/10 https : / / neptune . ai / blog / model-[]based-[]and-[]model-[]free-[]reinforcement-[]learning-[]pytennis-[]case-[]study$[][]
 []


Underfull \hbox (badness 10000) in paragraph at lines 1454--1458

 []



[34] (./Edgar NEA tex.aux)
 ***********
LaTeX2e <2024-06-01> patch level 2
L3 programming layer <2024-05-27>
 ***********


LaTeX Warning: There were undefined references.


LaTeX Warning: There were multiply-defined labels.

Package rerunfilecheck Info: File `"Edgar NEA tex".out' has not changed.
(rerunfilecheck)             Checksum: 14FF575A58FFEDA36192A10C46B3204A;2757.
 ) 
Here is how much of TeX's memory you used:
 13636 strings out of 473583
 212657 string characters out of 5732343
 1944908 words of memory out of 5000000
 36038 multiletter control sequences out of 15000+600000
 563626 words of font info for 57 fonts, out of 8000000 for 9000
 1141 hyphenation exceptions out of 8191
 75i,16n,86p,377b,594s stack positions out of 10000i,1000n,20000p,200000b,200000s
<c:/texlive/2024/texmf-dist/fonts/type1/public/amsfonts/cm/cmbx10.pfb><c:/texlive/2024/texmf-dist/fonts/type1/public/amsfonts/cm/cmbx12.pfb><c:/texlive/2024/texmf-dist/fonts/type1/public/amsfonts/cm/cmcsc10.pfb><c:/texlive/2024/texmf-dist/fonts/type1/public/amsfonts/cm/cmex10.pfb><c:/texlive/2024/texmf-dist/fonts/type1/public/amsfonts/cm/cmmi10.pfb><c:/texlive/2024/texmf-dist/fonts/type1/public/amsfonts/cm/cmmi7.pfb><c:/texlive/2024/texmf-dist/fonts/type1/public/amsfonts/cm/cmr10.pfb><c:/texlive/2024/texmf-dist/fonts/type1/public/amsfonts/cm/cmr12.pfb><c:/texlive/2024/texmf-dist/fonts/type1/public/amsfonts/cm/cmr17.pfb><c:/texlive/2024/texmf-dist/fonts/type1/public/amsfonts/cm/cmr5.pfb><c:/texlive/2024/texmf-dist/fonts/type1/public/amsfonts/cm/cmr7.pfb><c:/texlive/2024/texmf-dist/fonts/type1/public/amsfonts/cm/cmsy10.pfb><c:/texlive/2024/texmf-dist/fonts/type1/public/amsfonts/cm/cmsy7.pfb><c:/texlive/2024/texmf-dist/fonts/type1/public/amsfonts/cm/cmti10.pfb><c:/texlive/2024/texmf-dist/fonts/type1/public/amsfonts/cm/cmtt10.pfb><c:/texlive/2024/texmf-dist/fonts/type1/public/amsfonts/symbols/msbm10.pfb>
Output written on "Edgar NEA tex.pdf" (35 pages, 4517947 bytes).
PDF statistics:
 716 PDF objects out of 1000 (max. 8388607)
 593 compressed objects within 6 object streams
 301 named destinations out of 1000 (max. 500000)
 270 words of extra memory for PDF output out of 10000 (max. 10000000)

